[debug] [2025-07-10T11:36:04.775Z] ----------------------------------------------------------------------
[debug] [2025-07-10T11:36:04.779Z] Command:       /nix/store/rbdrkcs5kkwpalxcd7c6bnm33lk2955n-nodejs-20.19.0/bin/node /home/user/.global_modules/bin/firebase init
[debug] [2025-07-10T11:36:04.779Z] CLI Version:   14.9.0
[debug] [2025-07-10T11:36:04.780Z] Platform:      linux
[debug] [2025-07-10T11:36:04.780Z] Node Version:  v20.19.0
[debug] [2025-07-10T11:36:04.780Z] Time:          Thu Jul 10 2025 11:36:04 GMT+0000 (Coordinated Universal Time)
[debug] [2025-07-10T11:36:04.780Z] ----------------------------------------------------------------------
[debug] 
[debug] [2025-07-10T11:36:05.405Z] > command requires scopes: ["email","openid","https://www.googleapis.com/auth/cloudplatformprojects.readonly","https://www.googleapis.com/auth/firebase","https://www.googleapis.com/auth/cloud-platform"]
[debug] [2025-07-10T11:36:13.721Z] Running auto auth
[info] 
     ######## #### ########  ######## ########     ###     ######  ########
     ##        ##  ##     ## ##       ##     ##  ##   ##  ##       ##
     ######    ##  ########  ######   ########  #########  ######  ######
     ##        ##  ##    ##  ##       ##     ## ##     ##       ## ##
     ##       #### ##     ## ######## ########  ##     ##  ######  ########

You're about to initialize a Firebase project in this directory:

  /home/user/studio

Before we get started, keep in mind:

  * You are initializing within an existing Firebase project directory

[info] 
=== Project Setup
[info] 
[info] First, let's associate this project directory with a Firebase project.
[info] You can create multiple project aliases by running firebase use --add, 
[info] but for now we'll just set up a default project.
[info] 
[debug] [2025-07-10T11:36:30.098Z] Using project from CLI flag: figerout-1296f
[debug] [2025-07-10T11:36:30.100Z] No OAuth tokens found
[debug] [2025-07-10T11:36:30.103Z] >>> [apiv2][query] GET https://firebase.googleapis.com/v1beta1/projects/figerout-1296f [none]
[debug] [2025-07-10T11:36:30.406Z] <<< [apiv2][status] GET https://firebase.googleapis.com/v1beta1/projects/figerout-1296f 200
[debug] [2025-07-10T11:36:30.406Z] <<< [apiv2][body] GET https://firebase.googleapis.com/v1beta1/projects/figerout-1296f {"projectId":"figerout-1296f","projectNumber":"560379112728","displayName":"Figerout","name":"projects/figerout-1296f","resources":{"hostingSite":"figerout-1296f"},"state":"ACTIVE","etag":"1_d2911c59-1ae8-447a-a9c0-be3f20a5143e"}
[info] i  Using project figerout-1296f (Figerout) 
[info] 
=== App Hosting Setup
[debug] [2025-07-10T11:36:30.422Z] No OAuth tokens found
[debug] [2025-07-10T11:36:30.423Z] >>> [apiv2][query] GET https://cloudbilling.googleapis.com/v1/projects/figerout-1296f/billingInfo [none]
[debug] [2025-07-10T11:36:31.430Z] <<< [apiv2][status] GET https://cloudbilling.googleapis.com/v1/projects/figerout-1296f/billingInfo 200
[debug] [2025-07-10T11:36:31.430Z] <<< [apiv2][body] GET https://cloudbilling.googleapis.com/v1/projects/figerout-1296f/billingInfo {"name":"projects/figerout-1296f/billingInfo","projectId":"figerout-1296f","billingAccountName":"billingAccounts/01A851-4B57F4-FF8103","billingEnabled":true}
[debug] [2025-07-10T11:36:31.442Z] No OAuth tokens found
[debug] [2025-07-10T11:36:31.442Z] >>> [apiv2][query] POST https://iam.googleapis.com/v1/projects/figerout-1296f/serviceAccounts/firebase-app-hosting-compute@figerout-1296f.iam.gserviceaccount.com:testIamPermissions [none]
[debug] [2025-07-10T11:36:31.443Z] >>> [apiv2][(partial)header] POST https://iam.googleapis.com/v1/projects/figerout-1296f/serviceAccounts/firebase-app-hosting-compute@figerout-1296f.iam.gserviceaccount.com:testIamPermissions x-goog-quota-user=projects/figerout-1296f
[debug] [2025-07-10T11:36:31.443Z] >>> [apiv2][body] POST https://iam.googleapis.com/v1/projects/figerout-1296f/serviceAccounts/firebase-app-hosting-compute@figerout-1296f.iam.gserviceaccount.com:testIamPermissions {"permissions":["iam.serviceAccounts.actAs"]}
[debug] [2025-07-10T11:36:32.410Z] <<< [apiv2][status] POST https://iam.googleapis.com/v1/projects/figerout-1296f/serviceAccounts/firebase-app-hosting-compute@figerout-1296f.iam.gserviceaccount.com:testIamPermissions 200
[debug] [2025-07-10T11:36:32.411Z] <<< [apiv2][body] POST https://iam.googleapis.com/v1/projects/figerout-1296f/serviceAccounts/firebase-app-hosting-compute@figerout-1296f.iam.gserviceaccount.com:testIamPermissions {"permissions":["iam.serviceAccounts.actAs"]}
[debug] [2025-07-10T11:36:32.412Z] No OAuth tokens found
[debug] [2025-07-10T11:36:32.412Z] >>> [apiv2][query] POST https://cloudresourcemanager.googleapis.com/v1/projects/figerout-1296f:getIamPolicy [none]
[debug] [2025-07-10T11:36:33.331Z] <<< [apiv2][status] POST https://cloudresourcemanager.googleapis.com/v1/projects/figerout-1296f:getIamPolicy 200
[debug] [2025-07-10T11:36:33.331Z] <<< [apiv2][body] POST https://cloudresourcemanager.googleapis.com/v1/projects/figerout-1296f:getIamPolicy {"version":1,"etag":"BwY5kG7jrLM=","bindings":[{"role":"roles/cloudbuild.builds.builder","members":["serviceAccount:560379112728@cloudbuild.gserviceaccount.com"]},{"role":"roles/cloudbuild.serviceAgent","members":["serviceAccount:service-560379112728@gcp-sa-cloudbuild.iam.gserviceaccount.com"]},{"role":"roles/containerregistry.ServiceAgent","members":["serviceAccount:service-560379112728@containerregistry.iam.gserviceaccount.com"]},{"role":"roles/developerconnect.readTokenAccessor","members":["serviceAccount:firebase-app-hosting-compute@figerout-1296f.iam.gserviceaccount.com"]},{"role":"roles/developerconnect.serviceAgent","members":["serviceAccount:service-560379112728@gcp-sa-devconnect.iam.gserviceaccount.com"]},{"role":"roles/editor","members":["serviceAccount:560379112728-compute@developer.gserviceaccount.com"]},{"role":"roles/firebase.managementServiceAgent","members":["serviceAccount:service-560379112728@gcp-sa-firebase.iam.gserviceaccount.com"]},{"role":"roles/firebase.sdkAdminServiceAgent","members":["serviceAccount:firebase-adminsdk-fbsvc@figerout-1296f.iam.gserviceaccount.com","serviceAccount:firebase-app-hosting-compute@figerout-1296f.iam.gserviceaccount.com"]},{"role":"roles/firebaseapphosting.computeRunner","members":["serviceAccount:firebase-app-hosting-compute@figerout-1296f.iam.gserviceaccount.com"]},{"role":"roles/firebaseapphosting.serviceAgent","members":["serviceAccount:service-560379112728@gcp-sa-firebaseapphosting.iam.gserviceaccount.com"]},{"role":"roles/firebaseauth.admin","members":["serviceAccount:firebase-adminsdk-fbsvc@figerout-1296f.iam.gserviceaccount.com"]},{"role":"roles/firebaserules.system","members":["serviceAccount:service-560379112728@firebase-rules.iam.gserviceaccount.com"]},{"role":"roles/firestore.serviceAgent","members":["serviceAccount:service-560379112728@gcp-sa-firestore.iam.gserviceaccount.com"]},{"role":"roles/iam.serviceAccountTokenCreator","members":["serviceAccount:firebase-adminsdk-fbsvc@figerout-1296f.iam.gserviceaccount.com"]},{"role":"roles/owner","members":["user:gagansardaar.info@gmail.com"]},{"role":"roles/run.serviceAgent","members":["serviceAccount:service-560379112728@serverless-robot-prod.iam.gserviceaccount.com"]},{"role":"roles/secretmanager.admin_withcond_3e63c218119eed2971eb","members":["serviceAccount:service-560379112728@gcp-sa-devconnect.iam.gserviceaccount.com"]},{"role":"roles/storage.objectViewer","members":["serviceAccount:firebase-app-hosting-compute@figerout-1296f.iam.gserviceaccount.com"]}]}
[info] i  This command links your local project to Firebase App Hosting. You will be able to deploy your web app with `firebase deploy` after setup. 
[debug] [2025-07-10T11:36:41.607Z] No OAuth tokens found
[debug] [2025-07-10T11:36:41.608Z] >>> [apiv2][query] GET https://firebaseapphosting.googleapis.com/v1beta/projects/figerout-1296f/locations/-/backends 
[debug] [2025-07-10T11:36:42.780Z] <<< [apiv2][status] GET https://firebaseapphosting.googleapis.com/v1beta/projects/figerout-1296f/locations/-/backends 200
[debug] [2025-07-10T11:36:42.781Z] <<< [apiv2][body] GET https://firebaseapphosting.googleapis.com/v1beta/projects/figerout-1296f/locations/-/backends {}
[debug] [2025-07-10T11:39:57.374Z] ----------------------------------------------------------------------
[debug] [2025-07-10T11:39:57.379Z] Command:       /nix/store/rbdrkcs5kkwpalxcd7c6bnm33lk2955n-nodejs-20.19.0/bin/node /home/user/.global_modules/bin/firebase init
[debug] [2025-07-10T11:39:57.380Z] CLI Version:   14.9.0
[debug] [2025-07-10T11:39:57.380Z] Platform:      linux
[debug] [2025-07-10T11:39:57.380Z] Node Version:  v20.19.0
[debug] [2025-07-10T11:39:57.381Z] Time:          Thu Jul 10 2025 11:39:57 GMT+0000 (Coordinated Universal Time)
[debug] [2025-07-10T11:39:57.381Z] ----------------------------------------------------------------------
[debug] 
[debug] [2025-07-10T11:39:58.042Z] > command requires scopes: ["email","openid","https://www.googleapis.com/auth/cloudplatformprojects.readonly","https://www.googleapis.com/auth/firebase","https://www.googleapis.com/auth/cloud-platform"]
[debug] [2025-07-10T11:39:58.043Z] > authorizing via signed-in user (gagansardaar.info@gmail.com)
[info] 
     ######## #### ########  ######## ########     ###     ######  ########
     ##        ##  ##     ## ##       ##     ##  ##   ##  ##       ##
     ######    ##  ########  ######   ########  #########  ######  ######
     ##        ##  ##    ##  ##       ##     ## ##     ##       ## ##
     ##       #### ##     ## ######## ########  ##     ##  ######  ########

You're about to initialize a Firebase project in this directory:

  /home/user/studio

Before we get started, keep in mind:

  * You are initializing within an existing Firebase project directory

[info] 
=== Project Setup
[info] 
[info] First, let's associate this project directory with a Firebase project.
[info] You can create multiple project aliases by running firebase use --add, 
[info] but for now we'll just set up a default project.
[info] 
[debug] [2025-07-10T11:40:56.595Z] Using project from CLI flag: figerout-1296f
[debug] [2025-07-10T11:40:56.600Z] No OAuth tokens found
[debug] [2025-07-10T11:40:56.605Z] No OAuth tokens found
[debug] [2025-07-10T11:40:56.606Z] > command requires scopes: ["email","openid","https://www.googleapis.com/auth/cloudplatformprojects.readonly","https://www.googleapis.com/auth/firebase","https://www.googleapis.com/auth/cloud-platform"]
[debug] [2025-07-10T11:40:56.606Z] > authorizing via signed-in user (gagansardaar.info@gmail.com)
[debug] [2025-07-10T11:40:56.611Z] >>> [apiv2][query] GET https://firebase.googleapis.com/v1beta1/projects/figerout-1296f [none]
[debug] [2025-07-10T11:40:56.937Z] <<< [apiv2][status] GET https://firebase.googleapis.com/v1beta1/projects/figerout-1296f 200
[debug] [2025-07-10T11:40:56.938Z] <<< [apiv2][body] GET https://firebase.googleapis.com/v1beta1/projects/figerout-1296f {"projectId":"figerout-1296f","projectNumber":"560379112728","displayName":"Figerout","name":"projects/figerout-1296f","resources":{"hostingSite":"figerout-1296f"},"state":"ACTIVE","etag":"1_d2911c59-1ae8-447a-a9c0-be3f20a5143e"}
[info] i  Using project figerout-1296f (Figerout) 
[info] 
=== App Hosting Setup
[debug] [2025-07-10T11:40:56.949Z] No OAuth tokens found
[debug] [2025-07-10T11:40:56.949Z] No OAuth tokens found
[debug] [2025-07-10T11:40:56.949Z] > command requires scopes: ["email","openid","https://www.googleapis.com/auth/cloudplatformprojects.readonly","https://www.googleapis.com/auth/firebase","https://www.googleapis.com/auth/cloud-platform"]
[debug] [2025-07-10T11:40:56.950Z] > authorizing via signed-in user (gagansardaar.info@gmail.com)
[debug] [2025-07-10T11:40:56.950Z] >>> [apiv2][query] GET https://cloudbilling.googleapis.com/v1/projects/figerout-1296f/billingInfo [none]
[debug] [2025-07-10T11:40:57.979Z] <<< [apiv2][status] GET https://cloudbilling.googleapis.com/v1/projects/figerout-1296f/billingInfo 200
[debug] [2025-07-10T11:40:57.979Z] <<< [apiv2][body] GET https://cloudbilling.googleapis.com/v1/projects/figerout-1296f/billingInfo {"name":"projects/figerout-1296f/billingInfo","projectId":"figerout-1296f","billingAccountName":"billingAccounts/01A851-4B57F4-FF8103","billingEnabled":true}
[debug] [2025-07-10T11:40:57.989Z] No OAuth tokens found
[debug] [2025-07-10T11:40:57.989Z] No OAuth tokens found
[debug] [2025-07-10T11:40:57.989Z] > command requires scopes: ["email","openid","https://www.googleapis.com/auth/cloudplatformprojects.readonly","https://www.googleapis.com/auth/firebase","https://www.googleapis.com/auth/cloud-platform"]
[debug] [2025-07-10T11:40:57.990Z] > authorizing via signed-in user (gagansardaar.info@gmail.com)
[debug] [2025-07-10T11:40:57.990Z] >>> [apiv2][query] POST https://iam.googleapis.com/v1/projects/figerout-1296f/serviceAccounts/firebase-app-hosting-compute@figerout-1296f.iam.gserviceaccount.com:testIamPermissions [none]
[debug] [2025-07-10T11:40:57.990Z] >>> [apiv2][(partial)header] POST https://iam.googleapis.com/v1/projects/figerout-1296f/serviceAccounts/firebase-app-hosting-compute@figerout-1296f.iam.gserviceaccount.com:testIamPermissions x-goog-quota-user=projects/figerout-1296f
[debug] [2025-07-10T11:40:57.990Z] >>> [apiv2][body] POST https://iam.googleapis.com/v1/projects/figerout-1296f/serviceAccounts/firebase-app-hosting-compute@figerout-1296f.iam.gserviceaccount.com:testIamPermissions {"permissions":["iam.serviceAccounts.actAs"]}
[debug] [2025-07-10T11:40:58.987Z] <<< [apiv2][status] POST https://iam.googleapis.com/v1/projects/figerout-1296f/serviceAccounts/firebase-app-hosting-compute@figerout-1296f.iam.gserviceaccount.com:testIamPermissions 200
[debug] [2025-07-10T11:40:58.987Z] <<< [apiv2][body] POST https://iam.googleapis.com/v1/projects/figerout-1296f/serviceAccounts/firebase-app-hosting-compute@figerout-1296f.iam.gserviceaccount.com:testIamPermissions {"permissions":["iam.serviceAccounts.actAs"]}
[debug] [2025-07-10T11:40:58.988Z] No OAuth tokens found
[debug] [2025-07-10T11:40:58.988Z] No OAuth tokens found
[debug] [2025-07-10T11:40:58.988Z] > command requires scopes: ["email","openid","https://www.googleapis.com/auth/cloudplatformprojects.readonly","https://www.googleapis.com/auth/firebase","https://www.googleapis.com/auth/cloud-platform"]
[debug] [2025-07-10T11:40:58.988Z] > authorizing via signed-in user (gagansardaar.info@gmail.com)
[debug] [2025-07-10T11:40:58.989Z] >>> [apiv2][query] POST https://cloudresourcemanager.googleapis.com/v1/projects/figerout-1296f:getIamPolicy [none]
[debug] [2025-07-10T11:40:59.930Z] <<< [apiv2][status] POST https://cloudresourcemanager.googleapis.com/v1/projects/figerout-1296f:getIamPolicy 200
[debug] [2025-07-10T11:40:59.931Z] <<< [apiv2][body] POST https://cloudresourcemanager.googleapis.com/v1/projects/figerout-1296f:getIamPolicy {"version":1,"etag":"BwY5kG7jrLM=","bindings":[{"role":"roles/cloudbuild.builds.builder","members":["serviceAccount:560379112728@cloudbuild.gserviceaccount.com"]},{"role":"roles/cloudbuild.serviceAgent","members":["serviceAccount:service-560379112728@gcp-sa-cloudbuild.iam.gserviceaccount.com"]},{"role":"roles/containerregistry.ServiceAgent","members":["serviceAccount:service-560379112728@containerregistry.iam.gserviceaccount.com"]},{"role":"roles/developerconnect.readTokenAccessor","members":["serviceAccount:firebase-app-hosting-compute@figerout-1296f.iam.gserviceaccount.com"]},{"role":"roles/developerconnect.serviceAgent","members":["serviceAccount:service-560379112728@gcp-sa-devconnect.iam.gserviceaccount.com"]},{"role":"roles/editor","members":["serviceAccount:560379112728-compute@developer.gserviceaccount.com"]},{"role":"roles/firebase.managementServiceAgent","members":["serviceAccount:service-560379112728@gcp-sa-firebase.iam.gserviceaccount.com"]},{"role":"roles/firebase.sdkAdminServiceAgent","members":["serviceAccount:firebase-adminsdk-fbsvc@figerout-1296f.iam.gserviceaccount.com","serviceAccount:firebase-app-hosting-compute@figerout-1296f.iam.gserviceaccount.com"]},{"role":"roles/firebaseapphosting.computeRunner","members":["serviceAccount:firebase-app-hosting-compute@figerout-1296f.iam.gserviceaccount.com"]},{"role":"roles/firebaseapphosting.serviceAgent","members":["serviceAccount:service-560379112728@gcp-sa-firebaseapphosting.iam.gserviceaccount.com"]},{"role":"roles/firebaseauth.admin","members":["serviceAccount:firebase-adminsdk-fbsvc@figerout-1296f.iam.gserviceaccount.com"]},{"role":"roles/firebaserules.system","members":["serviceAccount:service-560379112728@firebase-rules.iam.gserviceaccount.com"]},{"role":"roles/firestore.serviceAgent","members":["serviceAccount:service-560379112728@gcp-sa-firestore.iam.gserviceaccount.com"]},{"role":"roles/iam.serviceAccountTokenCreator","members":["serviceAccount:firebase-adminsdk-fbsvc@figerout-1296f.iam.gserviceaccount.com"]},{"role":"roles/owner","members":["user:gagansardaar.info@gmail.com"]},{"role":"roles/run.serviceAgent","members":["serviceAccount:service-560379112728@serverless-robot-prod.iam.gserviceaccount.com"]},{"role":"roles/secretmanager.admin_withcond_3e63c218119eed2971eb","members":["serviceAccount:service-560379112728@gcp-sa-devconnect.iam.gserviceaccount.com"]},{"role":"roles/storage.objectViewer","members":["serviceAccount:firebase-app-hosting-compute@figerout-1296f.iam.gserviceaccount.com"]}]}
[info] i  This command links your local project to Firebase App Hosting. You will be able to deploy your web app with `firebase deploy` after setup. 
